  APSO.cpp
D:\opencv3.2\opencv\build\include\opencv2/core/mat.hpp(2586): warning C4819: 该文件包含不能在当前代码页(936)中表示的字符。请将该文件保存为 Unicode 格式以防止数据丢失
D:\opencv3.2\opencv\build\include\opencv2/core/persistence.hpp : warning C4819: 该文件包含不能在当前代码页(936)中表示的字符。请将该文件保存为 Unicode 格式以防止数据丢失
D:\opencv3.2\opencv\build\include\opencv2/core/utility.hpp : warning C4819: 该文件包含不能在当前代码页(936)中表示的字符。请将该文件保存为 Unicode 格式以防止数据丢失
D:\opencv3.2\opencv\build\include\opencv2/core/utility.hpp : warning C4819: 该文件包含不能在当前代码页(936)中表示的字符。请将该文件保存为 Unicode 格式以防止数据丢失
D:\opencv3.2\opencv\build\include\opencv2/imgproc.hpp(592): warning C4819: 该文件包含不能在当前代码页(936)中表示的字符。请将该文件保存为 Unicode 格式以防止数据丢失
d:\glovecontrolopenglhand_version2\glovecontrolopenglhand_version2\Projection.h(92): warning C4244: “=”: 从“double”转换到“int”，可能丢失数据
d:\glovecontrolopenglhand_version2\glovecontrolopenglhand_version2\Projection.h(93): warning C4244: “=”: 从“double”转换到“int”，可能丢失数据
d:\glovecontrolopenglhand_version2\glovecontrolopenglhand_version2\Projection.h(94): warning C4244: “=”: 从“double”转换到“int”，可能丢失数据
d:\glovecontrolopenglhand_version2\glovecontrolopenglhand_version2\Projection.h(181): warning C4018: “<”: 有符号/无符号不匹配
d:\glovecontrolopenglhand_version2\glovecontrolopenglhand_version2\Projection.h(192): warning C4018: “<”: 有符号/无符号不匹配
d:\glovecontrolopenglhand_version2\glovecontrolopenglhand_version2\CParticle.h(93): warning C4244: “初始化”: 从“int”转换到“float”，可能丢失数据
APSO.cpp(93): warning C4305: “初始化”: 从“double”到“float”截断
APSO.cpp(166): warning C4244: “=”: 从“double”转换到“float”，可能丢失数据
APSO.cpp(170): warning C4244: “=”: 从“double”转换到“float”，可能丢失数据
APSO.cpp(171): warning C4244: “=”: 从“double”转换到“float”，可能丢失数据
APSO.cpp(175): warning C4244: “=”: 从“double”转换到“float”，可能丢失数据
APSO.cpp(176): warning C4244: “=”: 从“double”转换到“float”，可能丢失数据
APSO.cpp(180): warning C4244: “=”: 从“double”转换到“float”，可能丢失数据
APSO.cpp(181): warning C4244: “=”: 从“double”转换到“float”，可能丢失数据
APSO.cpp(185): warning C4244: “=”: 从“double”转换到“float”，可能丢失数据
APSO.cpp(186): warning C4244: “=”: 从“double”转换到“float”，可能丢失数据
APSO.cpp(239): warning C4305: “参数”: 从“double”到“float”截断
APSO.cpp(249): warning C4305: “参数”: 从“double”到“float”截断
  正在生成代码
  2 of 4063 functions ( 0.0%) were compiled, the rest were copied from previous compilation.
    0 functions were new in current compilation
    26 functions had inline decision re-evaluated but remain unchanged
  已完成代码的生成
  GloveControlOpenGLHand_version2.vcxproj -> D:\GloveControlOpenGLHand_version2\Release\GloveControlOpenGLHand_version2.exe
  GloveControlOpenGLHand_version2.vcxproj -> D:\GloveControlOpenGLHand_version2\Release\GloveControlOpenGLHand_version2.pdb (Full PDB)
